[0.717s] Invoking command in '/home/jayanth/fk_4dof/src/forward_kinematics': PYTHONPATH=/home/jayanth/fk_4dof/build/forward_kinematics/prefix_override:/usr/lib/python3/dist-packages/colcon_core/task/python/colcon_distutils_commands:/home/jayanth/fk_4dof/install/forward_kinematics/lib/python3.10/site-packages:${PYTHONPATH} /usr/bin/python3 -W ignore:setup.py install is deprecated -W ignore:easy_install command is deprecated setup.py egg_info --egg-base ../../build/forward_kinematics build --build-base /home/jayanth/fk_4dof/build/forward_kinematics/build install --record /home/jayanth/fk_4dof/build/forward_kinematics/install.log --single-version-externally-managed install_data
[0.994s] running egg_info
[0.995s] creating ../../build/forward_kinematics/forward_kinematics.egg-info
[0.995s] writing ../../build/forward_kinematics/forward_kinematics.egg-info/PKG-INFO
[0.995s] writing dependency_links to ../../build/forward_kinematics/forward_kinematics.egg-info/dependency_links.txt
[0.995s] writing entry points to ../../build/forward_kinematics/forward_kinematics.egg-info/entry_points.txt
[0.995s] writing requirements to ../../build/forward_kinematics/forward_kinematics.egg-info/requires.txt
[0.996s] writing top-level names to ../../build/forward_kinematics/forward_kinematics.egg-info/top_level.txt
[0.996s] writing manifest file '../../build/forward_kinematics/forward_kinematics.egg-info/SOURCES.txt'
[0.998s] reading manifest file '../../build/forward_kinematics/forward_kinematics.egg-info/SOURCES.txt'
[0.999s] writing manifest file '../../build/forward_kinematics/forward_kinematics.egg-info/SOURCES.txt'
[0.999s] running build
[1.000s] running build_py
[1.000s] creating /home/jayanth/fk_4dof/build/forward_kinematics/build
[1.000s] creating /home/jayanth/fk_4dof/build/forward_kinematics/build/lib
[1.000s] creating /home/jayanth/fk_4dof/build/forward_kinematics/build/lib/forward_kinematics
[1.000s] copying forward_kinematics/forward_kine.py -> /home/jayanth/fk_4dof/build/forward_kinematics/build/lib/forward_kinematics
[1.000s] copying forward_kinematics/__init__.py -> /home/jayanth/fk_4dof/build/forward_kinematics/build/lib/forward_kinematics
[1.001s] running install
[1.001s] running install_lib
[1.002s] creating /home/jayanth/fk_4dof/install/forward_kinematics/lib/python3.10/site-packages/forward_kinematics
[1.002s] copying /home/jayanth/fk_4dof/build/forward_kinematics/build/lib/forward_kinematics/forward_kine.py -> /home/jayanth/fk_4dof/install/forward_kinematics/lib/python3.10/site-packages/forward_kinematics
[1.002s] copying /home/jayanth/fk_4dof/build/forward_kinematics/build/lib/forward_kinematics/__init__.py -> /home/jayanth/fk_4dof/install/forward_kinematics/lib/python3.10/site-packages/forward_kinematics
[1.002s] byte-compiling /home/jayanth/fk_4dof/install/forward_kinematics/lib/python3.10/site-packages/forward_kinematics/forward_kine.py to forward_kine.cpython-310.pyc
[1.003s] byte-compiling /home/jayanth/fk_4dof/install/forward_kinematics/lib/python3.10/site-packages/forward_kinematics/__init__.py to __init__.cpython-310.pyc
[1.003s] running install_data
[1.004s] creating /home/jayanth/fk_4dof/install/forward_kinematics/share/ament_index
[1.004s] creating /home/jayanth/fk_4dof/install/forward_kinematics/share/ament_index/resource_index
[1.004s] creating /home/jayanth/fk_4dof/install/forward_kinematics/share/ament_index/resource_index/packages
[1.004s] copying resource/forward_kinematics -> /home/jayanth/fk_4dof/install/forward_kinematics/share/ament_index/resource_index/packages
[1.004s] copying package.xml -> /home/jayanth/fk_4dof/install/forward_kinematics/share/forward_kinematics
[1.004s] running install_egg_info
[1.006s] Copying ../../build/forward_kinematics/forward_kinematics.egg-info to /home/jayanth/fk_4dof/install/forward_kinematics/lib/python3.10/site-packages/forward_kinematics-0.0.0-py3.10.egg-info
[1.007s] running install_scripts
[1.030s] Installing forward_kine script to /home/jayanth/fk_4dof/install/forward_kinematics/lib/forward_kinematics
[1.030s] writing list of installed files to '/home/jayanth/fk_4dof/build/forward_kinematics/install.log'
[1.059s] Invoked command in '/home/jayanth/fk_4dof/src/forward_kinematics' returned '0': PYTHONPATH=/home/jayanth/fk_4dof/build/forward_kinematics/prefix_override:/usr/lib/python3/dist-packages/colcon_core/task/python/colcon_distutils_commands:/home/jayanth/fk_4dof/install/forward_kinematics/lib/python3.10/site-packages:${PYTHONPATH} /usr/bin/python3 -W ignore:setup.py install is deprecated -W ignore:easy_install command is deprecated setup.py egg_info --egg-base ../../build/forward_kinematics build --build-base /home/jayanth/fk_4dof/build/forward_kinematics/build install --record /home/jayanth/fk_4dof/build/forward_kinematics/install.log --single-version-externally-managed install_data
